action: .package, msg: perform-isolated-build
cwd: /home/bahar/Desktop/mlops/demo/new/simple_app
cmd: /home/bahar/Desktop/mlops/demo/new/simple_app/.tox/.package/bin/python /usr/lib/python3/dist-packages/tox/helper/build_isolated.py .tox/dist setuptools.build_meta ''
running sdist
running egg_info
writing src.egg-info/PKG-INFO
writing dependency_links to src.egg-info/dependency_links.txt
writing top-level names to src.egg-info/top_level.txt
writing manifest file 'src.egg-info/SOURCES.txt'
running check
warning: check: missing required meta-data: url

warning: check: missing meta-data: if 'author' supplied, 'author_email' must be supplied too

creating src-0.0.1
creating src-0.0.1/.dvc
creating src-0.0.1/.dvc/plots
creating src-0.0.1/data
creating src-0.0.1/data/processed
creating src-0.0.1/data/raw
creating src-0.0.1/data_given
creating src-0.0.1/notebooks
creating src-0.0.1/report
creating src-0.0.1/saved_models
creating src-0.0.1/src
creating src-0.0.1/src.egg-info
creating src-0.0.1/src/__pycache__
creating src-0.0.1/tests
copying files to src-0.0.1...
copying .dvcignore -> src-0.0.1
copying .gitignore -> src-0.0.1
copying README.md -> src-0.0.1
copying dvc.lock -> src-0.0.1
copying dvc.yaml -> src-0.0.1
copying params.yaml -> src-0.0.1
copying pyproject.toml -> src-0.0.1
copying requirements.txt -> src-0.0.1
copying setup.py -> src-0.0.1
copying template.py -> src-0.0.1
copying .dvc/.gitignore -> src-0.0.1/.dvc
copying .dvc/config -> src-0.0.1/.dvc
copying .dvc/plots/confusion.json -> src-0.0.1/.dvc/plots
copying .dvc/plots/confusion_normalized.json -> src-0.0.1/.dvc/plots
copying .dvc/plots/default.json -> src-0.0.1/.dvc/plots
copying .dvc/plots/linear.json -> src-0.0.1/.dvc/plots
copying .dvc/plots/scatter.json -> src-0.0.1/.dvc/plots
copying .dvc/plots/smooth.json -> src-0.0.1/.dvc/plots
copying data/processed/.gitignore -> src-0.0.1/data/processed
copying data/processed/.gitkeep -> src-0.0.1/data/processed
copying data/raw/.gitkeep -> src-0.0.1/data/raw
copying data/raw/winequality.csv -> src-0.0.1/data/raw
copying data_given/.gitignore -> src-0.0.1/data_given
copying data_given/winequality.csv.dvc -> src-0.0.1/data_given
copying notebooks/.gitkeep -> src-0.0.1/notebooks
copying report/params.json -> src-0.0.1/report
copying report/scores.json -> src-0.0.1/report
copying saved_models/.gitignore -> src-0.0.1/saved_models
copying saved_models/.gitkeep -> src-0.0.1/saved_models
copying src/.gitkeep -> src-0.0.1/src
copying src/__init__.py -> src-0.0.1/src
copying src/get_data.py -> src-0.0.1/src
copying src/load_data.py -> src-0.0.1/src
copying src/split_data.py -> src-0.0.1/src
copying src/train_and_evaluate.py -> src-0.0.1/src
copying src.egg-info/PKG-INFO -> src-0.0.1/src.egg-info
copying src.egg-info/SOURCES.txt -> src-0.0.1/src.egg-info
copying src.egg-info/dependency_links.txt -> src-0.0.1/src.egg-info
copying src.egg-info/top_level.txt -> src-0.0.1/src.egg-info
copying src/__pycache__/get_data.cpython-37.pyc -> src-0.0.1/src/__pycache__
copying tests/__init__.py -> src-0.0.1/tests
copying tests/conftest.py -> src-0.0.1/tests
copying tests/test_config.py -> src-0.0.1/tests
Writing src-0.0.1/setup.cfg
Creating tar archive
removing 'src-0.0.1' (and everything under it)
src-0.0.1.tar.gz
