action: py37, msg: envreport
cwd: /home/bahar/Desktop/mlops/demo/new/simple_app
cmd: /home/bahar/Desktop/mlops/demo/new/simple_app/.tox/py37/bin/python -m pip freeze
appdirs==1.4.3
atpublic==2.1.3
attrs==20.3.0
CacheControl==0.12.6
cached-property==1.5.2
certifi==2019.11.28
cffi==1.14.5
chardet==3.0.4
click==7.1.2
colorama==0.4.3
commonmark==0.9.1
configobj==5.0.6
contextlib2==0.6.0
decorator==5.0.5
dictdiffer==0.8.1
diskcache==5.2.1
distlib==0.3.1
distro==1.4.0
dpath==2.0.1
dulwich==0.20.21
dvc==2.0.17
filelock==3.0.12
flake8==3.9.0
Flask==1.1.2
flatten-dict==0.3.0
flufl.lock==3.2
fsspec==0.9.0
ftfy==5.9
funcy==1.15
future==0.18.2
gitdb==4.0.7
GitPython==3.1.14
grandalf==0.6
gunicorn==20.1.0
html5lib==1.0.1
idna==2.8
importlib-metadata==3.10.0
iniconfig==1.1.1
ipaddr==2.2.0
itsdangerous==1.1.0
Jinja2==2.11.3
joblib==1.0.1
jsonpath-ng==1.5.2
lockfile==0.12.2
mailchecker==4.0.6
MarkupSafe==1.1.1
mccabe==0.6.1
msgpack==0.6.2
nanotime==0.5.2
networkx==2.5.1
numpy==1.20.2
packaging==20.3
pandas==1.2.3
pathlib2==2.3.5
pathspec==0.8.1
pep517==0.8.2
phonenumbers==8.12.20
pluggy==0.13.1
ply==3.11
progress==1.5
psutil==5.8.0
py==1.10.0
pyasn1==0.4.8
pycodestyle==2.7.0
pycparser==2.20
pydot==1.4.2
pyflakes==2.3.1
pygit2==1.5.0
Pygments==2.8.1
pygtrie==2.3.2
pyparsing==2.4.7
pytest==6.2.3
python-benedict==0.23.2
python-dateutil==2.8.1
python-fsutil==0.4.0
python-slugify==4.0.1
pytoml==0.1.21
pytz==2021.1
PyYAML==5.4.1
requests==2.22.0
retrying==1.3.3
rich==10.1.0
ruamel.yaml==0.17.2
ruamel.yaml.clib==0.2.2
scikit-learn==0.24.1
scipy==1.6.2
shortuuid==1.0.1
shtab==1.3.5
six==1.14.0
sklearn==0.0
smmap==4.0.0
src==0.0.1
tabulate==0.8.9
text-unidecode==1.3
threadpoolctl==2.1.0
toml==0.10.2
tox==3.23.0
tqdm==4.60.0
typing-extensions==3.7.4.3
urllib3==1.25.8
virtualenv==20.4.3
voluptuous==0.12.1
wcwidth==0.2.5
webencodings==0.5.1
Werkzeug==1.0.1
xmltodict==0.12.0
zc.lockfile==2.0
zipp==3.4.1
